<?xml version="1.0" encoding="UTF-8"?>
<beans xmlns="http://www.springframework.org/schema/beans"
	xmlns:xsi="http://www.w3.org/2001/XMLSchema-instance" xmlns:context="http://www.springframework.org/schema/context"
	xmlns:tx="http://www.springframework.org/schema/tx" xmlns:aop="http://www.springframework.org/schema/aop"
	xsi:schemaLocation="http://www.springframework.org/schema/beans http://www.springframework.org/schema/beans/spring-beans-4.0.xsd
                            http://www.springframework.org/schema/context http://www.springframework.org/schema/context/spring-context-4.0.xsd
                            http://www.springframework.org/schema/aop http://www.springframework.org/schema/aop/spring-aop-4.0.xsd
                            http://www.springframework.org/schema/tx  http://www.springframework.org/schema/tx/spring-tx-4.0.xsd">


	<context:property-placeholder
		ignore-unresolvable="true" location="classpath*:*.properties" />
	<aop:aspectj-autoproxy />

	<import resource="test-cache.xml" />

	<bean id="routeDataSource" class="com.cathay.mybatis.datasource.MutiRouteDataSource" />

	<bean id="transactionTemplate"
		class="org.springframework.transaction.support.TransactionTemplate">
		<property name="transactionManager" ref="transactionManager" />
		<property name="isolationLevelName" value="ISOLATION_DEFAULT" />
		<property name="propagationBehaviorName" value="PROPAGATION_REQUIRED" />
	</bean>

	<bean id="transactionManager"
		class="org.springframework.jdbc.datasource.DataSourceTransactionManager">
		<property name="dataSource" ref="routeDataSource" />
	</bean>

	<!-- 使用spring-data-redis作为mybatis自动缓存提供者 -->
	<!-- <bean class="SpringRedisProvider">
		<property name="redisTemplate" ref="redisTemplate"/> <property name="stringRedisTemplate" 
		ref="stringRedisTemplate" /> </bean> -->

	<bean id="routeSqlSessionFactory" class="com.cathay.mybatis.spring.SqlSessionFactoryBean">
		<property name="configLocation" value="classpath:mybatis-configuration.xml" />
		<property name="mapperLocations" value="classpath:mapper/*Mapper.xml" />
		<property name="typeAliasesPackage" value="com.cathay.mybatis.test.entity" />
		<property name="dataSource" ref="routeDataSource" />
	</bean>
	
	<bean class="org.mybatis.spring.mapper.MapperScannerConfigurer">
		<property name="sqlSessionFactoryBeanName" value="routeSqlSessionFactory" />
		<property name="basePackage" value="com.cathay.mybatis.test.mapper" />
	</bean>
	
</beans>